<?xml version="1.0" encoding="UTF-8"?>
<testsuite name="com.example.zhongqiu.service.UserServiceTest" tests="3" skipped="0" failures="0" errors="0" timestamp="2022-09-19T03:34:42" hostname="Stevens-MacBook-Pro.local" time="0.369">
  <properties/>
  <testcase name="shouldGetUserDtoWhenGetUser()" classname="com.example.zhongqiu.service.UserServiceTest" time="0.334"/>
  <testcase name="shouldSaveNewUserInUserRepoWhenCreateUser()" classname="com.example.zhongqiu.service.UserServiceTest" time="0.013"/>
  <testcase name="shouldThrowResourceNotFoundExceptionWhenUserIsNotFound()" classname="com.example.zhongqiu.service.UserServiceTest" time="0.016"/>
  <system-out><![CDATA[]]></system-out>
  <system-err><![CDATA[]]></system-err>
</testsuite>
